***************************************************************************
* Project:     workstation for windows
* Sub-Project: LD/FBD compiler
***************************************************************************

7:1  Дуга не соединена
7:2  Дуга не соединена с левой стороны
7:3  Дуга не соединена с правой стороны
7:4  Вертикальное соединение со значением OR не соединено слева
7:5  Вертикальное соединение со значением OR не соединено справа
7:6  Переменная не используется в диаграмме
7:7  Слишком много входов или выходов в функц. блоке
7:8  Входы не подсоединены
7:9  Выходы не подсоединены
7:10 Внутренняя ошибка: неправильное соединение входа
7:11 Внутренняя ошибка: неправильное соединение выхода
7:12 Не могу связаться с  линией в той же входной точке
7:13 Неправильное имя метки
7:14 Метка определена более одного раза
7:15 Прыжок на неизвестную метку
7:16 Функц. блок не определен в библиотеке
7:17 Неизвестное или неправильное имя объекта
7:18 Ожидается булевский вход
7:19 Ожидается целый аналоговый вход
7:20 Ожидается вещественный аналоговый вход
7:21 Ожидается вход типа timer
7:22 Ожидается вход типа message
7:23 Тип входа не согласуется
7:24 Для описания контакта требуется булевская переменная
7:25 Для описания витка требуется выходная булевская переменная
7:26 Ожидается целый или вещественный аналоговый вход
7:27 Сравнение на равенство запрещено для переменных типа timer
7:28 Ожидается внутренняя или выходная переменная
7:29 Ожидается переменная целого типа или таймер
7:30 Ожидается входная или выходная переменная
7:31 Внутренняя ошибка: отсутствует тип переменной

***************************************************************************
* Project:     workstation for windows
* Sub-Project: pre compiler
***************************************************************************

8:1  шаг определен более одного раза
8:2  переход определен более одного раза
8:3  имя шага уже использовано для перехода
8:4  имя перехода уже использовано для шага
8:5  привязанный элемент не объявлен
8:6  неправильная связь
8:7  неопределенный шаг
8:8  неопределенный переход
8:9  нет начального шага
8:10 не могу открыть исходный файл
8:11 неправильное имя шага
8:12 неправильное имя перехода
8:13 неправильное имя элемента в структуре соединения
8:14 неправильная структура соединения
8:15 не могу создать временный файл
8:16 коней файла обнаружен в блоке комментария
8:17 не могу разделить блоки комментариев
8:18 конец файла обнаружен в строковой константе
8:19 конец строки обнаружен в строковой константе
8:20 ожидается действие P или N или boolean или SFC
8:21 ожидается квалификатор действия
8:22 неправильный квалификатор действия
8:23 ожидается разделитель ')' после квалификатора
8:24 ожидается разделитель ':' после предложения 'action'
8:25 ожидается разделитель ';' после булевского или SFC действия
8:26 обнаружен конец шага в блоке действия
8:27 обнаружен конец файла в блоке действия
8:28 ожидается разделитель ';' после ключевого слова 'end_action'
8:29 ожидается идентификатор внутренней или выходной булевской переменной
8:30 шагу должен предшествовать переход
8:31 переходу должен предшествовать шаг

***************************************************************************
* Project:     workstation for windows
* Sub-Project: data base configurator
***************************************************************************

9:1  переменная декларирована более одного раза
9:2  внутренняя ошибка: канал вне платы
9:3  присоединенная переменная не объявлена
9:4  переменная присоединена более одного раза
9:5  переменная присоединена к плате с другим типом
9:6  внутренняя переменная не может быть присоединена
9:7  переменная присоединена к плате с другим направлением
9:8  переменная В/В не присоединена
9:9  слишком много переменных В/В
9:10 сетевой адрес уже использован
9:11 преобразование нельзя применять к внутренней переменной
9:12 переменная использует неизвестное преобразование
9:13 вещественные аналоговые переменные не поддерживаются целевой задачей
9:14 переменные типа message не поддерживаются целевой задачей
9:15 таблицы преобразования не поддерживаются целевой задачей
9:16 функции преобразования не поддерживаются целевой задачей
9:17 сетевые адреса не поддерживаются целевой задачей
9:18 16 и 32 битовые целые аналоговые переменные не поддерживаются целевой задачей
9:19 32 битовые целые аналоговые переменные не поддерживаются целевой задачей
9:20 объектный код программы не найден для целевой задачи
9:21 неправильный объектный код программы для целевой задачи
9:22 неправильное соединение массива

***************************************************************************
* Project:     workstation for windows
* Sub-Project: variable linker
***************************************************************************

10:1  input link файл не найден (внутренняя ошибка)
10:2  программа не скомпилирована
10:3  программа не скомпилирована для целевой задачи
10:4  основной список не найден (внутренняя ошибка)
10:5  неизвестный объект в группе (внутренняя ошибка)
10:6  объект сгруппирован более одного раза (внутренняя ошибка)
10:7  не согласуются типы в группе (внутренняя ошибка)
10:8  ссылка не найдена
10:9  слишком много булевских переменных в приложении
10:10 слишком много аналоговых переменных в приложении
10:11 слишком много таймерных переменных в приложении
10:12 слишком много переменных типа message в приложении
10:13 слишком много шагов SFC в приложении
10:14 слишком много переходов SFC в приложении
10:15 слишком много программ в приложении
10:16 слишком много функций C в приложении
10:17 слишком много объектов в приложении
10:18 неопределенный символ в целевом объектном файле
10:19 неопределенная ссылка в целевом объектном файле
10:20 Предупреждение! количество переменных не поддерживается целевой задачей до V3.22
10:21 Предупреждение! установки MNTV превышены: Изменение на ходу может быть отвергнуто
10:22 слишком много переменных (в системе разработки WD2 не более 256 переменных)

***************************************************************************
* Project:     workstation for windows
* Sub-Project: resource compiler
***************************************************************************

11:1  ожидается тип ресурса
11:2  ожидается имя ресурса
11:3  неправильное имя ресурса
11:4  ресурс определен более одного раза
11:5  ожидается ключевое слово BEGIN
11:6  ожидается имя целевой задачи или ключевое слово ANYTARGET
11:7  целевая задача уже определена для данного ресурса
11:8  слишком много целевых задач определено для одного ресурса
11:9  ожидается путь к файлу
11:10 неправильный путь к файлу
11:11 ожидается ключевое слово END
11:12 предупреждение: не определена целевая задача (ресурс игнорируется)
11:13 предупреждение: неизвестная или не выбрана целевая задача (игнорируется)
11:14 ожидается ключевое слово FROM
11:15 ожидается ключевое слово TO
11:16 конец файла обнаружен в блоке комментария
11:17 не могу разделить блоки комментария
11:18 коней файла обнаружен в строке
11:19 коней строки обнаружен в строке
11:20 исходный файл пуст или не найден
11:21 ожидается значение long integer
11:22 предупреждение: пустой ресурс (игнорируется)

***************************************************************************
* Project:     workstation for windows
* Sub-Project: address linker
***************************************************************************

12:1 метка определена более одного раза
12:2 не опознана внешняя метка
12:3 не могу открыть целевой объектный файл
12:4 не могу создать целевой исполняемый файл

***************************************************************************
* Project:     workstation for windows
* Sub-Project: cross reference check
***************************************************************************

13:1  Функция C
13:2  Функция
13:3  Функц. блок C
13:4  Экземпляр FB
13:5  Программа
13:6  Boolean
13:7  Analog
13:8  Timer
13:9  Message
13:10 Макроопределение
13:11 Неправильное имя объекта
13:12 имя зарезервировано как ключевое слово языка
13:13 имена GS/GT зарезервированы для шагов и переходов SFC
13:14 имя уже использовано для другого объекта
13:15 имя уже использовано для глобального объекта
13:16 не определены параметры блока или функции
13:17 функция или блок должны иметь хотя бы один возвращаемый параметр
13:18 возвращаемый параметр должен иметь то же имя, что и функция
13:19 преобразование нельзя применять к внутренним переменным
13:20 неправильные атрибуты таймера
13:21 неправильная максимальная длина сообщения
13:22 тип функционального блока не определен
13:23 (не используется)
13:24 Расположение В/В
13:25 Функциональный блок
13:26 локальная переменная функц. блока не может иметь нач. значение или атрибут Хранить

***************************************************************************
* Project:     workstation for windows
* Sub-Project: Flow Chart pre compiler
***************************************************************************

14:1  связь от неизвестного объекта
14:2  связь к неизвестному объекту
14:3  более одной связи от одного и того же тестового выхода
14:4  слишком много связей от одного объекта
14:5  выход не соединен
14:6  слишком много выходных связей
14:7  тестовый выход (NO) не соединен
14:8  тестовый выход (YES) не соединен
14:9  расхождение без ветки
14:10 нет соединенных входов
14:11 неправильный выход
14:12 неизвестное назначение связи
14:13 расхождение без схождения
14:14 расхождение и схождение должны иметь одно и то же количество соединенных точек
14:15 расхождение не может быть связано напрямую со схождением
14:16 расходящиеся ветви должны соединяться
14:17 не могу связать внешний объект с расходящейся ветвью
14:18 поток прерван после этой точки
14:19 внутренняя ошибка: TSLDIV1: связь с расхождением не одна
14:20 внутренняя ошибка: TSLDIV2: связь с расхождением не в позиции 0
14:21 внутренняя ошибка: TSLCNV1: связь со схождением не одна
14:22 внутренняя ошибка: TSLCNV2: связь со схождением не в позиции 0
14:23 неправильное имя подпрограммы

* eof ********************************************************************

