00:1 :должно быть булевское выражение
00:2 :неправильный левый операнд; требуется булевское выражение
00:3 :неправильный правый операнд; требуется булевское выражение
00:4 :должно быть целое выражение
00:5 :должно быть вещественное выражение
00:6 :ожидается   
00:7 :ожидается перед этим новым предложением
00:8 :подразумевает последующее булевское выражение
00:9 :неправильная размерность массива
00:10 :выход индекса за границу
00:11 :неправильное назначение
00:12 :указано меньшее число параметров для функции или функц. блока
00:13 :указано большее число параметров для функции или функц. блока
00:14 :превышено допустимое число ошибок; компиляция остановлена
00:15 :неожиданное расположение входа
00:16 :неправильный левый операнд; требуется целое выражение
00:17 :неправильный правый операнд; требуется целое выражение
00:18 :неправильный левый операнд; требуется вещественное выражение
00:19 :неправильный правый операнд; требуется вещественное выражение
00:20 :тип левого операнда (boolean) недопустим для данного оператора
00:21 :тип правого операнда (boolean) недопустим для данного оператора
00:22 :тип левого операнда (message) недопустим для данного оператора
00:23 :тип правого операнда (message) недопустим для данного оператора
00:24 :неправильный правый операнд; требуется выражение типа message
00:25 :неправильный правый операнд; требуется выражение типа integer/real
00:26 :тип правого операнда (integer) недопустим для данного оператора
00:27 :тип правого операнда (real) недопустим для данного оператора
00:28 :тип левого операнда (integer) недопустим для данного оператора
00:29 :подразумевает последующее ':=' идентификатор
00:30 :подразумевает последующее целое выражение
00:31 :подразумевает последующее вещественное выражение
00:32 :подразумевает последующее выражение типа message
00:33 :индекс типа real; индекс должен быть целым
00:34 :индекс типа boolean; индекс должен быть целым
00:35 :индекс типа message; индекс должен быть целым
00:36 :подразумевает последующее выражение
00:37 :подразумевает последующее '(' идентификатор
00:38 :неправильный формальный параметр
00:39 :ожидается формальный параметр
00:40 :должно быть выражение типа message
00:41  обнаружены синтаксические ошибки
00:42 :слишком большая константа
00:43 :слишком длинное сообщение
00:44 :подразумевает последующую управляющую переменную integer
00:45 :подразумевает последующее выражение integer selector
00:46 :должна быть целая константа
00:47 :должна быть формальная переменная, подходящая функции или функц. блоку
00:48 :должна быть дочерняя программа
00:49 :должна быть переменная типа timer
00:50 :подразумевает последующее выражение timer/integer
00:51 :должна быть переменная вход/выход
00:52 :должна быть булевская переменная
00:53 :подразумевает последующее имя функционального блока
00:54 :неправильный идентификатор; ожидается метка
00:55 :неправильный идентификатор; ожидается ':'
00:56 :неправильный идентификатор; ожидается символ конца строки
00:57 :подразумевает последующее выражение типа timer
00:58 :тип операнда (boolean) недопустим для данного оператора
00:59 :тип операнда (message) недопустим для данного оператора
00:60 :тип операнда (timer) недопустим для данного оператора
00:61 :неправильный идентификатор; ожидается ']'
00:62 :неправильный идентификатор; ожидается '['
00:63 :должно быть выражение типа timer
00:64 :неправильный правый операнд; ожидается выражение типа timer
00:65 :тип правого операнда (timer) недопустим в данном операторе
00:66 :должен быть операнд
00:67 :неправильный идентификатор; ожидается ')'
00:68 :неожиданное предложение
00:69 :невозможно выделить память
00:70 :индекс типа timer; индекс должен быть целым
00:71 :не могу прочитать, переменная только для записи
00:72 :не могу записать, переменная только для чтения
00:73 :идентификатор не объявлен
00:74 :размер кода превышает границу (64k)
00:75 :не указано возвращаемое значение функции
00:76 :ПРЕДУПРЕЖДЕНИЕ; сомнительное предложение (цикл ПЛК может быть блокирован)
00:77 :ПРЕДУПРЕЖДЕНИЕ; дочерняя SFC не запускается предложением 'gstart'
00:78 :тип правого операнда (timer) недопустим в данном операторе
00:79 :тип левого операнда (timer) недопустим в данном операторе
00:80 :ПРЕДУПРЕЖДЕНИЕ; переполнение стека
00:81 :ПРЕДУПРЕЖДЕНИЕ; не согласуется с МЭК (отсутствует 'T#'); единицы по умолчанию 1/100s
00:82 :ПРЕДУПРЕЖДЕНИЕ; не согласуется с МЭК
00:83 :ПРЕДУПРЕЖДЕНИЕ; деление целого на 0
00:84 :ПРЕДУПРЕЖДЕНИЕ; деление вещественного на 0
00:85 :Прыжок на неизвестную метку
00:86 :текущий результат и операнд должны быть одного типа
00:87 :после операции задержки ожидается ")"
00:88 :ПРЕДУПРЕЖДЕНИЕ; экземпляры функц. блоков C не поддерживается в функциональных блоках
00:89 :ПРЕДУПРЕЖДЕНИЕ; timers в функц. блоках не поддерживаются в версии 3.0x

00:90 :формальные параметры не поддерживаются в структурном C коде
