* errors message
0:1 Не определена переменная или символ.
0:2 Не определена ссылка на прыжок.
0:3 Синтаксическая ошибка.
0:4 Не определен функц. блок, функция или оператор.
0:5 Имя экземпляра не объявлено.
0:6 Имена экземпляров зарезервированы за функц. блоками.
0:7 Слишком длинное, не могу поместить в переменную.

0:8 Ожидается целый индекс в [ ].
0:9 Переменная не определена как массив.
0:10 Ожидается индекс между 1 и 32.
0:11 Ожидается целая переменная.
0:12 Индекс слишком мал или слишком велик.
0:13 Ожидается булевский массив.
0:14 Сообщение не может быть в массиве.
0:15 Ожидается целая переменная или константа.

* errors for the function block 'ld_elt_FB'
1:00 Ожидается имя класса функц. блока, заключенное в (* *).
1:01 Ожидается имя экземпляра функц. блока, заключенное в (* *).
1:02 Ожидается '(' после имени экземпляра функц. блока.
1:03 Ожидается список входов функционального блока.
1:04 Ожидается ';' между списком входов и списком выходов.
1:05 Ожидается список выходов функционального блока.
1:06 Ожидается ')' после списка выходов функционального блока.
1:40 Ожидается переменная.
1:41 Ожидается переменная или константа.
1:49 Определение функции изменено.
1:50 Определение функц. блока изменено.
1:56 Ожидается читаемая переменная.
1:65 Не могу выводить в переменную только для чтения.
* errors for the Coordinates 'CoordXY'      
2:00 Ожидается '[' в начале координатной пары.
2:01 Ожидается положительное целое, меньшее 32768.
2:02 Ожидается ',' между координатами. 
2:03 Ожидается ']' в конце координатной пары.
* errors for rung equation 'rung_equation'
3:00 Ступенька должна начинаться с SOR.
3:01 Метка должна быть уникальной, заключена в (* *) и длиной 16 символов.
3:02 Псевдоним должен быть заключен в (* *) и длиной 16 символов.
3:03 ступенька должна заканчиваться EOR.
3:04 Метка уже используется.
* errors for the branch 'branch'
4:00 Ожидается элемент, следующий за BST. 
4:01 Ожидается NXB между двумя элементами. 
4:02 Ожидается элемент, следующий за NXB.
4:03 За элементом ожидается BND. 
* errors for descriptor of an element 'desc_elt'
5:00 Ожидается имя константы или переменной, заключенное в (* *).
5:01 Ожидается псевдоним, заключенный в (* *). 
* errors for jmp element 'ld_elt_jmp'
6:00 Ожидается имя метки. 
6:01 Ожидается псевдоним, заключенный в (* *). 
6:02 Не могу найти имя метки.
* errors for a ld program 'program'
7:00 Программа должна начинаться с BOF.
7:01 Программа должна оканчиваться EOF.
* errros for I/O element 'ld_elt_IO'                                                        
8:00 Ожидается дескриптор элемента. 
8:01 Ожидается булевская переменная или булевская константа.
8:02 Ожидается выходная или внутренняя булевская переменная.
* errors for parameter of function block 'fbparam'
9:00 Функциональный блок имеет хотя бы один вход и один выход.
9:01 Формальные параметры должны разделяться ','.
* errors for the descriptor of function block parameters 'desc_fp'
10:00 Ожидается имя формального параметра, заключенного в (* *). 
10:01 Каждый вход должен быть соединен, а выход м.б. оставлен свободным, но переменная должна быть определена.
10:02 Ожидается псевдоним, заключенный в (* *).
* File errors
100:0 Ошибок не обнаружено.
100:1 Фатальная ошибка: произошла неопознанная ошибка.
100:2 Фатальная ошибка: файл не обнаружен.
100:3 Фатальная ошибка: неправильно указан путь.
100:4 Фатальная ошибка: превышено допустимое число открытых файлов.
100:5 Фатальная ошибка: нет доступа к файлу.
100:6 Фатальная ошибка: попытка использовать неправильную управляющую структуру файла.
100:7 Фатальная ошибка: текущий рабочий каталог не может быть уничтожен.
100:8 Фатальная ошибка: в каталоге не осталось свободных входов.
100:9 Фатальная ошибка: ошибка при попытке создать указатель на файл.
100:10 Фатальная ошибка: аппаратная ошибка.
100:11 Фатальная ошибка: не загружена SHARE.EXE, или закрыта разделяемая память.
100:12 Фатальная ошибка: попытка закрыть область, которая уже закрыта.
100:13 Фатальная ошибка: Диск полон.
100:14 Фатальная ошибка: Достигнут конец файла.
100:15 Фатальная ошибка: Произошла ошибка памяти.
* Warning
200:0 Обнаружен обратный прыжок. 
200:1 Не согласуется с МЭК.
* errors for inputs of FBs, functions or operators
11:01 Ожидается булевская входная переменная или константа.
11:02 Ожидается целая входная переменная или константа.
11:03 Ожидается булевская или целая входная переменная или константа.
11:04 Ожидается вещественная входная переменная или константа.
11:05 Ожидается булевская или вещественная входная переменная или константа.
11:06 Ожидается целая или вещественная входная переменная или константа.
11:07 Ожидается булевская, целая или вещественная входная переменная или константа.
11:08 Ожидается входная переменная или константа типа timer.
11:09 Ожидается булевская или таймерная входная переменная или константа.
11:10 Ожидается целая или таймерная входная переменная или константа.
11:11 Ожидается булевская, целая или таймерная входная переменная или константа.
11:12 Ожидается вещественная или таймерная входная переменная или константа.
11:13 Ожидается булевская, вещественная или таймерная входная переменная или константа.
11:14 Ожидается целая, вещественная или таймерная входная переменная или константа.
11:15 Ожидается булевская, целая, вещественная или таймерная входная переменная или константа.
11:16 Ожидается входная строковая переменная или константа.
11:17 Ожидается булевская или строковая входная переменная или константа.
11:18 Ожидается целая или строковая входная переменная или константа.
11:19 Ожидается булевская, целая или строковая входная переменная или константа.
11:20 Ожидается вещественная или строковая входная переменная или константа.
11:21 Ожидается булевская, вещественная или строковая входная переменная или константа.
11:22 Ожидается целая, вещественная или строковая входная переменная или константа.
11:23 Ожидается булевская, целая, вещественная или строковая входная переменная или константа.
11:24 Ожидается таймерная или строковая входная переменная или константа.
11:25 Ожидается булевская, таймерная или строковая входная переменная или константа.
11:26 Ожидается целая, таймерная или строковая входная переменная или константа.
11:27 Ожидается булевская, целая, таймерная или строковая входная переменная или константа.
11:28 Ожидается вещественная, таймерная или строковая входная переменная или константа.
11:29 Ожидается булевская, вещественная, таймерная или строковая входная переменная или константа.
11:30 Ожидается целая, вещественная, таймерная или строковая входная переменная или константа.
11:31 Ожидается булевская, целая, вещественная, таймерная или строковая входная переменная или константа.
* errors for outputs of FBs, functions or operators
12:01 Ожидается булевская выходная переменная.
12:02 Ожидается целая выходная переменная.
12:03 Ожидается булевская или целая выходная переменная.
12:04 Ожидается вещественная выходная переменная.
12:05 Ожидается булевская или вещественная выходная переменная.
12:06 Ожидается целая или вещественная выходная переменная.
12:07 Ожидается булевская, целая или вещественная выходная переменная.
12:08 Ожидается выходная переменная типа timer.
12:09 Ожидается булевская или таймерная выходная переменная.
12:10 Ожидается целая или таймерная выходная переменная.
12:11 Ожидается булевская, целая или таймерная выходная переменная.
12:12 Ожидается вещественная или таймерная выходная переменная.
12:13 Ожидается булевская, вещественная или таймерная выходная переменная.
12:14 Ожидается целая, вещественная или таймерная выходная переменная.
12:15 Ожидается булевская, целая, вещественная или таймерная выходная переменная.
12:16 Ожидается выходная строковая переменная.
12:17 Ожидается булевская или строковая выходная переменная.
12:18 Ожидается целая или строковая выходная переменная.
12:19 Ожидается булевская, целая или строковая выходная переменная.
12:20 Ожидается вещественная или строковая выходная переменная.
12:21 Ожидается булевская, вещественная или строковая выходная переменная.
12:22 Ожидается целая, вещественная или строковая выходная переменная.
12:23 Ожидается булевская, целая, вещественная или строковая выходная переменная.
12:24 Ожидается таймерная или строковая выходная переменная.
12:25 Ожидается булевская, таймерная или строковая выходная переменная.
12:26 Ожидается целая, таймерная или строковая выходная переменная.
12:27 Ожидается булевская, целая, таймерная или строковая выходная переменная.
12:28 Ожидается вещественная, таймерная или строковая выходная переменная.
12:29 Ожидается булевская, вещественная, таймерная или строковая выходная переменная.
12:30 Ожидается целая, вещественная, таймерная или строковая выходная переменная.
12:31 Ожидается булевская, целая, вещественная, таймерная или строковая выходная переменная.
