***************************************************************************
* Project:     workstation for windows
* Sub-Project: Kernel
***************************************************************************

0:1  не могу выделить память под базу данных для исполнения
0:2  неправильная база данных приложения (Motorola/Intel)
0:3  не могу выделить почтовый ящик для связи
0:4  не могу привязать базу данных ядра 
0:5  таймаут по запросу к ядру
0:6  таймаут по ответу от ядра
0:7  не могу инициализировать связь
0:8  не могу выделить память под сохраняемые переменные
0:9  приложение остановлено
0:10 слишком много одновременных действий N или P
0:11 слишком много одновременных действий setting
0:12 слишком много одновременных действий resetting
0:13 неизвестная инструкция TIC
0:16 не могу выполнить запрос чтения данных
0:17 не могу выполнить запрос записи данных
0:18 не могу выполнить запрос сессии отладчика
0:19 не могу выполнить запрос modbus
0:20 не могу выполнить запрос приложения отладчика
0:21 не могу ответить отладчику
0:22 переполнение стека
0:23 неизвестный код запроса
0:24 коммуникационная ошибка ethernet
0:25 коммуникационная ошибка синхронизации
0:28 не могу выделить память для приложения
0:29 не могу выделить память для обновления приложения
0:30 неизвестный код OEM
0:31 не могу инициализировать плату булевских входов
0:32 не могу инициализировать плату аналоговых входов
0:33 не могу инициализировать плату строковых входов
0:34 не могу инициализировать плату булевских выходов
0:35 не могу инициализировать плату аналоговых выходов
0:36 не могу инициализировать плату строковых выходов
0:37 не могу прочитать булевский вход
0:38 не могу прочитать аналоговый вход
0:39 не могу прочитать строковый вход
0:40 не могу вывести переменную булевский выход
0:41 не могу вывести переменную аналоговый выход
0:42 не могу вывести переменную строковый выход
0:43 не могу обработать булевскую переменную
0:44 не могу обработать аналоговую переменную
0:45 не могу обработать строковую переменную
0:46 не могу открыть плату
0:47 не могу закрыть плату
0:50 не могу переписать переменную булевский выход
0:51 не могу переписать переменную аналоговый выход
0:52 не могу переписать переменную строковый выход
0:53 программа SFC уже запущена или заморожена 
0:54 программа SFC уже заморожена или не запущена
0:55 программа SFC уже запущена или не заморожена 
0:56 программа SFC уже убита или не запущена
0:61 неизвестный системный код запроса
0:62 переполнение периода выборки
0:63 функция пользователя не реализована
0:64 деление целого на 0
0:65 функция преобразования не реализована
0:66 функц. блок не реализован
0:67 стандартная функция не реализована
0:68 деление вещественного на 0
0:69 неправильные рабочие параметры
0:70 параметры приложения нельзя модифицировать
0:71 входы/выходы и библиотеки приложения нельзя модифицировать
0:72 символы приложения нельзя модифицировать
0:73 не могу обновить: отличается набор булевских переменных
0:74 не могу обновить: отличается набор аналоговых переменных
0:75 не могу обновить: отличается набор переменных типа timer
0:76 не могу обновить: отличается набор переменных типа message
0:77 не могу обновить: не могу найти новое приложение

0:97 Неизвестный родной код
0:98 Несовместимый родной код и целевая задача
0:99 Неоптимизированный родной код для целевой задачи


